# JRE version: OpenJDK Runtime Environment (16.0.2+7) (build 16.0.2+7-67)
# Java VM: OpenJDK 64-Bit Server VM (16.0.2+7-67, mixed mode, tiered, compressed oops, compressed class ptrs, g1 gc, windows-amd64)
GC Precious Log:
 CPUs: 12 total, 12 available
 Memory: 32687M
 Large Page Support: Disabled
 NUMA Support: Disabled
 Compressed Oops: Enabled (Zero based)
 Heap Region Size: 4M
 Heap Min Capacity: 8M
 Heap Initial Capacity: 512M
 Heap Max Capacity: 8172M
 Pre-touch: Disabled
 Parallel Workers: 10
 Concurrent Workers: 3
 Concurrent Refinement Workers: 10
 Periodic GC: Disabled
Heap:
 garbage-first heap   total 524288K, used 87891K [0x0000000601400000, 0x0000000800000000)
  region size 4096K, 23 young (94208K), 1 survivors (4096K)
 Metaspace       used 13227K, committed 13440K, reserved 1064960K
  class space    used 1221K, committed 1344K, reserved 1048576K
GC Heap History (20 events):
Event: 172.354 GC heap before
{Heap before GC invocations=83 (full 0):
 garbage-first heap   total 524288K, used 309073K [0x0000000601400000, 0x0000000800000000)
  region size 4096K, 76 young (311296K), 1 survivors (4096K)
 Metaspace       used 13016K, committed 13248K, reserved 1064960K
  class space    used 1203K, committed 1344K, reserved 1048576K
}
Event: 172.354 GC heap after
{Heap after GC invocations=84 (full 0):
 garbage-first heap   total 524288K, used 1871K [0x0000000601400000, 0x0000000800000000)
  region size 4096K, 1 young (4096K), 1 survivors (4096K)
 Metaspace       used 13016K, committed 13248K, reserved 1064960K
  class space    used 1203K, committed 1344K, reserved 1048576K
}
Event: 174.466 GC heap before
{Heap before GC invocations=84 (full 0):
 garbage-first heap   total 524288K, used 309071K [0x0000000601400000, 0x0000000800000000)
  region size 4096K, 76 young (311296K), 1 survivors (4096K)
 Metaspace       used 13016K, committed 13248K, reserved 1064960K
  class space    used 1203K, committed 1344K, reserved 1048576K
}
Event: 174.466 GC heap after
{Heap after GC invocations=85 (full 0):
 garbage-first heap   total 524288K, used 1873K [0x0000000601400000, 0x0000000800000000)
  region size 4096K, 1 young (4096K), 1 survivors (4096K)
 Metaspace       used 13016K, committed 13248K, reserved 1064960K
  class space    used 1203K, committed 1344K, reserved 1048576K
}
Event: 176.508 GC heap before
{Heap before GC invocations=85 (full 0):
 garbage-first heap   total 524288K, used 309073K [0x0000000601400000, 0x0000000800000000)
  region size 4096K, 76 young (311296K), 1 survivors (4096K)
 Metaspace       used 13016K, committed 13248K, reserved 1064960K
  class space    used 1203K, committed 1344K, reserved 1048576K
}
Event: 176.508 GC heap after
{Heap after GC invocations=86 (full 0):
 garbage-first heap   total 524288K, used 1871K [0x0000000601400000, 0x0000000800000000)
  region size 4096K, 1 young (4096K), 1 survivors (4096K)
 Metaspace       used 13016K, committed 13248K, reserved 1064960K
  class space    used 1203K, committed 1344K, reserved 1048576K
}
Event: 178.483 GC heap before
{Heap before GC invocations=86 (full 0):
 garbage-first heap   total 524288K, used 309071K [0x0000000601400000, 0x0000000800000000)
  region size 4096K, 76 young (311296K), 1 survivors (4096K)
 Metaspace       used 13016K, committed 13248K, reserved 1064960K
  class space    used 1203K, committed 1344K, reserved 1048576K
}
Event: 178.484 GC heap after
{Heap after GC invocations=87 (full 0):
 garbage-first heap   total 524288K, used 1873K [0x0000000601400000, 0x0000000800000000)
  region size 4096K, 1 young (4096K), 1 survivors (4096K)
 Metaspace       used 13016K, committed 13248K, reserved 1064960K
  class space    used 1203K, committed 1344K, reserved 1048576K
}
Event: 180.513 GC heap before
{Heap before GC invocations=87 (full 0):
 garbage-first heap   total 524288K, used 309073K [0x0000000601400000, 0x0000000800000000)
  region size 4096K, 76 young (311296K), 1 survivors (4096K)
 Metaspace       used 13016K, committed 13248K, reserved 1064960K
  class space    used 1203K, committed 1344K, reserved 1048576K
}
Event: 180.514 GC heap after
{Heap after GC invocations=88 (full 0):
 garbage-first heap   total 524288K, used 1873K [0x0000000601400000, 0x0000000800000000)
  region size 4096K, 1 young (4096K), 1 survivors (4096K)
 Metaspace       used 13016K, committed 13248K, reserved 1064960K
  class space    used 1203K, committed 1344K, reserved 1048576K
}
Event: 182.515 GC heap before
{Heap before GC invocations=88 (full 0):
 garbage-first heap   total 524288K, used 309073K [0x0000000601400000, 0x0000000800000000)
  region size 4096K, 76 young (311296K), 1 survivors (4096K)
 Metaspace       used 13016K, committed 13248K, reserved 1064960K
  class space    used 1203K, committed 1344K, reserved 1048576K
}
Event: 182.516 GC heap after
{Heap after GC invocations=89 (full 0):
 garbage-first heap   total 524288K, used 1875K [0x0000000601400000, 0x0000000800000000)
  region size 4096K, 1 young (4096K), 1 survivors (4096K)
 Metaspace       used 13016K, committed 13248K, reserved 1064960K
  class space    used 1203K, committed 1344K, reserved 1048576K
}
Event: 184.368 GC heap before
{Heap before GC invocations=89 (full 0):
 garbage-first heap   total 524288K, used 309075K [0x0000000601400000, 0x0000000800000000)
  region size 4096K, 76 young (311296K), 1 survivors (4096K)
 Metaspace       used 13016K, committed 13248K, reserved 1064960K
  class space    used 1203K, committed 1344K, reserved 1048576K
}
Event: 184.369 GC heap after
{Heap after GC invocations=90 (full 0):
 garbage-first heap   total 524288K, used 1871K [0x0000000601400000, 0x0000000800000000)
  region size 4096K, 1 young (4096K), 1 survivors (4096K)
 Metaspace       used 13016K, committed 13248K, reserved 1064960K
  class space    used 1203K, committed 1344K, reserved 1048576K
}
Event: 186.229 GC heap before
{Heap before GC invocations=90 (full 0):
 garbage-first heap   total 524288K, used 309071K [0x0000000601400000, 0x0000000800000000)
  region size 4096K, 76 young (311296K), 1 survivors (4096K)
 Metaspace       used 13016K, committed 13248K, reserved 1064960K
  class space    used 1203K, committed 1344K, reserved 1048576K
}
Event: 186.230 GC heap after
{Heap after GC invocations=91 (full 0):
 garbage-first heap   total 524288K, used 1873K [0x0000000601400000, 0x0000000800000000)
  region size 4096K, 1 young (4096K), 1 survivors (4096K)
 Metaspace       used 13016K, committed 13248K, reserved 1064960K
  class space    used 1203K, committed 1344K, reserved 1048576K
}
Event: 188.119 GC heap before
{Heap before GC invocations=91 (full 0):
 garbage-first heap   total 524288K, used 309073K [0x0000000601400000, 0x0000000800000000)
  region size 4096K, 76 young (311296K), 1 survivors (4096K)
 Metaspace       used 13016K, committed 13248K, reserved 1064960K
  class space    used 1203K, committed 1344K, reserved 1048576K
}
Event: 188.119 GC heap after
{Heap after GC invocations=92 (full 0):
 garbage-first heap   total 524288K, used 1873K [0x0000000601400000, 0x0000000800000000)
  region size 4096K, 1 young (4096K), 1 survivors (4096K)
 Metaspace       used 13016K, committed 13248K, reserved 1064960K
  class space    used 1203K, committed 1344K, reserved 1048576K
}
Event: 189.938 GC heap before
{Heap before GC invocations=92 (full 0):
 garbage-first heap   total 524288K, used 309073K [0x0000000601400000, 0x0000000800000000)
  region size 4096K, 76 young (311296K), 1 survivors (4096K)
 Metaspace       used 13016K, committed 13248K, reserved 1064960K
  class space    used 1203K, committed 1344K, reserved 1048576K
}
Event: 189.938 GC heap after
{Heap after GC invocations=93 (full 0):
 garbage-first heap   total 524288K, used 1875K [0x0000000601400000, 0x0000000800000000)
  region size 4096K, 1 young (4096K), 1 survivors (4096K)
 Metaspace       used 13016K, committed 13248K, reserved 1064960K
  class space    used 1203K, committed 1344K, reserved 1048576K
}

